[2021-11-22T19:06:56.435] [INFO] system - login: user[非公式 DBDbot#0422]
[2021-11-22T19:06:56.712] [INFO] system - call: Index ready
[2021-11-22T19:06:57.493] [INFO] system - call: TimeProcess getLastTime
[2021-11-22T19:06:57.493] [INFO] system - call: Repository getLastTime
[2021-11-22T19:06:57.506] [INFO] system - call: TimeProcess isTimehasPassend time[2021-11-21 16:32:27:152]
[2021-11-22T19:06:57.506] [INFO] system - call: TimeProcess setLastExeTime
[2021-11-22T19:06:57.507] [INFO] system - call: TimeProcess convertToDate time[Mon Nov 22 2021 19:06:57 GMT+0900 (日本標準時)]
[2021-11-22T19:06:57.507] [INFO] system - call: Repository setLastExeTime time[2021-11-22 19:6:57:506]
[2021-11-22T19:06:57.508] [INFO] system - call: Scraping getCode lastTime[2021-11-18 10:43]
[2021-11-22T19:07:06.819] [INFO] system - call: Scraping getCodeFromWeb url[https://kamigame.jp/dbd/page/116439381060878343.html] lastTime[2021-11-18 10:43]
[2021-11-22T19:07:10.118] [INFO] system - msg: Index 前回の取得情報と同じです
[2021-11-22T19:08:07.055] [INFO] system - login: user[非公式 DBDbot#0422]
[2021-11-22T19:08:07.075] [INFO] system - call: Index ready
[2021-11-22T19:08:07.140] [INFO] system - call: TimeProcess getLastTime
[2021-11-22T19:08:07.141] [INFO] system - call: Repository getLastTime
[2021-11-22T19:08:07.142] [INFO] system - call: TimeProcess isTimehasPassend time[2021-11-22 19:6:57:506]
[2021-11-22T19:08:07.143] [INFO] system - call: TimeProcess setLastExeTime
[2021-11-22T19:08:07.143] [INFO] system - call: TimeProcess convertToDate time[Mon Nov 22 2021 19:08:07 GMT+0900 (日本標準時)]
[2021-11-22T19:08:07.143] [INFO] system - call: Repository setLastExeTime time[2021-11-22 19:8:7:143]
[2021-11-22T19:08:07.145] [INFO] system - call: Scraping getCode lastTime[2021-11-18 10:43]
[2021-11-22T19:08:08.618] [INFO] system - call: Scraping getCodeFromWeb url[https://kamigame.jp/dbd/page/116439381060878343.html] lastTime[2021-11-18 10:43]
[2021-11-22T19:08:09.115] [INFO] system - call: TimeProcess setLastUpdTime time[2021-11-18 10:43]
[2021-11-22T19:08:09.115] [INFO] system - call: Repository setLastUpdTime time[2021-11-18 10:43]
[2021-11-22T19:08:09.116] [INFO] system - call: DataProcess convertMsg data[期間,内容,コード,~11/24,15万BP配布,CIPHERSALAD,~12/31,魔除け「最高傑作のアーケード機」,INSERTCOIN,無制限,魔除け「虹色の旗」,PRIDE]
[2021-11-22T19:08:09.117] [INFO] system - call: DataProcess setCodeMsg msg[期間                                        内容                                        コード                                        
~11/24      15万BP配布                                                        CIPHERSALAD      
~12/31      魔除け「最高傑作のアーケード機」            INSERTCOIN      
無制限      魔除け「虹色の旗」                                        PRIDE      
]
[2021-11-22T19:08:09.118] [INFO] system - call: Repository setCodeMsg msg[期間                                        内容                                        コード                                        
~11/24      15万BP配布                                                        CIPHERSALAD      
~12/31      魔除け「最高傑作のアーケード機」            INSERTCOIN      
無制限      魔除け「虹色の旗」                                        PRIDE      
]
[2021-11-22T19:12:28.893] [INFO] system - login: user[非公式 DBDbot#0422]
[2021-11-22T19:12:28.912] [INFO] system - call: Index ready
[2021-11-22T19:12:28.974] [INFO] system - call: TimeProcess getLastTime
[2021-11-22T19:12:28.975] [INFO] system - call: Repository getLastTime
[2021-11-22T19:12:28.976] [INFO] system - call: TimeProcess isTimehasPassend time[2021-11-22 19:8:7:143]
[2021-11-22T19:12:28.977] [INFO] system - call: TimeProcess setLastExeTime
[2021-11-22T19:12:28.977] [INFO] system - call: TimeProcess convertToDate time[Mon Nov 22 2021 19:12:28 GMT+0900 (日本標準時)]
[2021-11-22T19:12:28.978] [INFO] system - call: Repository setLastExeTime time[2021-11-22 19:12:28:977]
[2021-11-22T19:12:28.979] [INFO] system - call: Scraping getCode lastTime[2021-11-18 10:43]
[2021-11-22T19:12:29.551] [INFO] system - call: Scraping getCodeFromWeb url[https://kamigame.jp/dbd/page/116439381060878343.html] lastTime[2021-11-18 10:43]
[2021-11-22T19:12:30.050] [INFO] system - call: TimeProcess setLastUpdTime time[2021-11-18 10:43]
[2021-11-22T19:12:30.051] [INFO] system - call: Repository setLastUpdTime time[2021-11-18 10:43]
[2021-11-22T19:12:30.052] [INFO] system - call: DataProcess convertMsg data[期間,内容,コード,~11/24,15万BP配布,CIPHERSALAD,~12/31,魔除け「最高傑作のアーケード機」,INSERTCOIN,無制限,魔除け「虹色の旗」,PRIDE]
[2021-11-22T19:12:30.052] [INFO] system - call: DataProcess setCodeMsg msg[期間                                        内容                                        コード                                        
~11/24      15万BP配布                                                        CIPHERSALAD      
~12/31      魔除け「最高傑作のアーケード機」            INSERTCOIN      
無制限      魔除け「虹色の旗」                                        PRIDE      
]
[2021-11-22T19:12:30.053] [INFO] system - call: Repository setCodeMsg msg[期間                                        内容                                        コード                                        
~11/24      15万BP配布                                                        CIPHERSALAD      
~12/31      魔除け「最高傑作のアーケード機」            INSERTCOIN      
無制限      魔除け「虹色の旗」                                        PRIDE      
]
[2021-11-22T19:12:30.054] [INFO] system - call: DataProcess getCodeMsg
[2021-11-22T19:12:30.054] [INFO] system - call: Repository getCodeMsg
[2021-11-22T19:13:31.087] [INFO] system - login: user[非公式 DBDbot#0422]
[2021-11-22T19:13:31.107] [INFO] system - call: Index ready
[2021-11-22T19:13:31.170] [INFO] system - call: TimeProcess getLastTime
[2021-11-22T19:13:31.171] [INFO] system - call: Repository getLastTime
[2021-11-22T19:13:31.172] [INFO] system - call: TimeProcess isTimehasPassend time[2021-11-22 19:12:28:977]
[2021-11-22T19:13:31.173] [INFO] system - call: TimeProcess setLastExeTime
[2021-11-22T19:13:31.173] [INFO] system - call: TimeProcess convertToDate time[Mon Nov 22 2021 19:13:31 GMT+0900 (日本標準時)]
[2021-11-22T19:13:31.173] [INFO] system - call: Repository setLastExeTime time[2021-11-22 19:13:31:173]
[2021-11-22T19:13:31.174] [INFO] system - call: Scraping getCode lastTime[2021-11-18 10:43]
[2021-11-22T19:13:31.830] [INFO] system - call: Scraping getCodeFromWeb url[https://kamigame.jp/dbd/page/116439381060878343.html] lastTime[2021-11-18 10:43]
[2021-11-22T19:13:33.231] [INFO] system - call: TimeProcess setLastUpdTime time[2021-11-18 10:43]
[2021-11-22T19:13:33.231] [INFO] system - call: Repository setLastUpdTime time[2021-11-18 10:43]
[2021-11-22T19:13:33.232] [INFO] system - call: DataProcess convertMsg data[期間,内容,コード,~11/24,15万BP配布,CIPHERSALAD,~12/31,魔除け「最高傑作のアーケード機」,INSERTCOIN,無制限,魔除け「虹色の旗」,PRIDE]
[2021-11-22T19:13:33.233] [INFO] system - call: DataProcess setCodeMsg msg[期間                                        内容                                        コード                                        
~11/24      15万BP配布                                                        CIPHERSALAD      
~12/31      魔除け「最高傑作のアーケード機」            INSERTCOIN      
無制限      魔除け「虹色の旗」                                        PRIDE      
]
[2021-11-22T19:13:33.234] [INFO] system - call: Repository setCodeMsg msg[期間                                        内容                                        コード                                        
~11/24      15万BP配布                                                        CIPHERSALAD      
~12/31      魔除け「最高傑作のアーケード機」            INSERTCOIN      
無制限      魔除け「虹色の旗」                                        PRIDE      
]
[2021-11-22T19:13:33.235] [INFO] system - call: DataProcess getCodeMsg
[2021-11-22T19:13:33.235] [INFO] system - call: Repository getCodeMsg
[2021-11-22T19:14:32.939] [INFO] system - login: user[非公式 DBDbot#0422]
[2021-11-22T19:14:32.960] [INFO] system - call: Index ready
[2021-11-22T19:14:33.023] [INFO] system - call: TimeProcess getLastTime
[2021-11-22T19:14:33.024] [INFO] system - call: Repository getLastTime
[2021-11-22T19:14:33.025] [INFO] system - call: TimeProcess isTimehasPassend time[2021-11-22 19:13:31:173]
[2021-11-22T19:14:33.025] [INFO] system - call: TimeProcess setLastExeTime
[2021-11-22T19:14:33.026] [INFO] system - call: TimeProcess convertToDate time[Mon Nov 22 2021 19:14:33 GMT+0900 (日本標準時)]
[2021-11-22T19:14:33.026] [INFO] system - call: Repository setLastExeTime time[2021-11-22 19:14:33:26]
[2021-11-22T19:14:33.027] [INFO] system - call: Scraping getCode lastTime[2021-11-18 10:43]
[2021-11-22T19:14:33.676] [INFO] system - call: Scraping getCodeFromWeb url[https://kamigame.jp/dbd/page/116439381060878343.html] lastTime[2021-11-18 10:43]
[2021-11-22T19:14:34.176] [INFO] system - call: TimeProcess setLastUpdTime time[2021-11-18 10:43]
[2021-11-22T19:14:34.177] [INFO] system - call: Repository setLastUpdTime time[2021-11-18 10:43]
[2021-11-22T19:14:34.178] [INFO] system - call: DataProcess convertMsg data[期間,内容,コード,~11/24,15万BP配布,CIPHERSALAD,~12/31,魔除け「最高傑作のアーケード機」,INSERTCOIN,無制限,魔除け「虹色の旗」,PRIDE]
[2021-11-22T19:14:34.178] [INFO] system - call: DataProcess setCodeMsg msg[期間                                        内容                                        コード                                        
~11/24      15万BP配布                                                        CIPHERSALAD      
~12/31      魔除け「最高傑作のアーケード機」            INSERTCOIN      
無制限      魔除け「虹色の旗」                                        PRIDE      
]
[2021-11-22T19:14:34.179] [INFO] system - call: Repository setCodeMsg msg[期間                                        内容                                        コード                                        
~11/24      15万BP配布                                                        CIPHERSALAD      
~12/31      魔除け「最高傑作のアーケード機」            INSERTCOIN      
無制限      魔除け「虹色の旗」                                        PRIDE      
]
[2021-11-22T19:14:34.179] [INFO] system - call: DataProcess getCodeMsg
[2021-11-22T19:14:34.180] [INFO] system - call: Repository getCodeMsg
[2021-11-22T19:15:15.979] [INFO] system - login: user[非公式 DBDbot#0422]
[2021-11-22T19:15:15.999] [INFO] system - call: Index ready
[2021-11-22T19:15:16.063] [INFO] system - call: TimeProcess getLastTime
[2021-11-22T19:15:16.063] [INFO] system - call: Repository getLastTime
[2021-11-22T19:15:16.065] [INFO] system - call: TimeProcess isTimehasPassend time[2021-11-22 19:14:33:26]
[2021-11-22T19:15:16.065] [INFO] system - msg: Index 時間を空けて実行してください
[2021-11-22T19:15:53.162] [INFO] system - login: user[非公式 DBDbot#0422]
[2021-11-22T19:15:53.182] [INFO] system - call: Index ready
[2021-11-22T19:15:53.246] [INFO] system - call: TimeProcess getLastTime
[2021-11-22T19:15:53.246] [INFO] system - call: Repository getLastTime
[2021-11-22T19:15:53.248] [INFO] system - call: TimeProcess isTimehasPassend time[2021-11-22 19:14:33:26]
[2021-11-22T19:15:53.248] [INFO] system - call: TimeProcess setLastExeTime
[2021-11-22T19:15:53.249] [INFO] system - call: TimeProcess convertToDate time[Mon Nov 22 2021 19:15:53 GMT+0900 (日本標準時)]
[2021-11-22T19:15:53.249] [INFO] system - call: Repository setLastExeTime time[2021-11-22 19:15:53:248]
[2021-11-22T19:15:53.250] [INFO] system - call: Scraping getCode lastTime[2021-11-18 10:43]
[2021-11-22T19:15:53.840] [INFO] system - call: Scraping getCodeFromWeb url[https://kamigame.jp/dbd/page/116439381060878343.html] lastTime[2021-11-18 10:43]
[2021-11-22T19:15:54.327] [INFO] system - call: TimeProcess setLastUpdTime time[2021-11-18 10:43]
[2021-11-22T19:15:54.327] [INFO] system - call: Repository setLastUpdTime time[2021-11-18 10:43]
[2021-11-22T19:15:54.329] [INFO] system - call: DataProcess convertMsg data[期間,内容,コード,~11/24,15万BP配布,CIPHERSALAD,~12/31,魔除け「最高傑作のアーケード機」,INSERTCOIN,無制限,魔除け「虹色の旗」,PRIDE]
[2021-11-22T19:15:54.329] [INFO] system - call: DataProcess setCodeMsg msg[期間                                        内容                                        コード                                        
~11/24      15万BP配布                                                        CIPHERSALAD      
~12/31      魔除け「最高傑作のアーケード機」            INSERTCOIN      
無制限      魔除け「虹色の旗」                                        PRIDE      
]
[2021-11-22T19:15:54.330] [INFO] system - call: Repository setCodeMsg msg[期間                                        内容                                        コード                                        
~11/24      15万BP配布                                                        CIPHERSALAD      
~12/31      魔除け「最高傑作のアーケード機」            INSERTCOIN      
無制限      魔除け「虹色の旗」                                        PRIDE      
]
[2021-11-22T19:15:54.331] [INFO] system - call: DataProcess getCodeMsg
[2021-11-22T19:15:54.331] [INFO] system - call: Repository getCodeMsg
[2021-11-22T19:20:11.500] [INFO] system - login: user[非公式 DBDbot#0422]
[2021-11-22T19:20:11.520] [INFO] system - call: Index ready
[2021-11-22T19:20:11.583] [INFO] system - call: TimeProcess getLastTime
[2021-11-22T19:20:11.584] [INFO] system - call: Repository getLastTime
[2021-11-22T19:20:11.586] [INFO] system - call: TimeProcess isTimehasPassend time[2021-11-22 19:15:53:248]
[2021-11-22T19:20:11.586] [INFO] system - call: TimeProcess setLastExeTime
[2021-11-22T19:20:11.586] [INFO] system - call: TimeProcess convertToDate time[Mon Nov 22 2021 19:20:11 GMT+0900 (日本標準時)]
[2021-11-22T19:20:11.587] [INFO] system - call: Repository setLastExeTime time[2021-11-22 19:20:11:586]
[2021-11-22T19:20:11.588] [INFO] system - call: Scraping getCode lastTime[2021-11-18 10:43]
[2021-11-22T19:20:12.176] [INFO] system - call: Scraping getCodeFromWeb url[https://kamigame.jp/dbd/page/116439381060878343.html] lastTime[2021-11-18 10:43]
[2021-11-22T19:20:12.655] [INFO] system - call: TimeProcess setLastUpdTime time[2021-11-18 10:43]
[2021-11-22T19:20:12.655] [INFO] system - call: Repository setLastUpdTime time[2021-11-18 10:43]
[2021-11-22T19:20:12.656] [INFO] system - call: DataProcess convertMsg data[期間,内容,コード,~11/24,15万BP配布,CIPHERSALAD,~12/31,魔除け「最高傑作のアーケード機」,INSERTCOIN,無制限,魔除け「虹色の旗」,PRIDE]
[2021-11-22T19:20:12.657] [INFO] system - call: DataProcess setCodeMsg msg[期間                                        内容                                        コード                                        
~11/24      15万BP配布                                                        CIPHERSALAD      
~12/31      魔除け「最高傑作のアーケード機」            INSERTCOIN      
無制限      魔除け「虹色の旗」                                        PRIDE      
]
[2021-11-22T19:20:12.658] [INFO] system - call: Repository setCodeMsg msg[期間                                        内容                                        コード                                        
~11/24      15万BP配布                                                        CIPHERSALAD      
~12/31      魔除け「最高傑作のアーケード機」            INSERTCOIN      
無制限      魔除け「虹色の旗」                                        PRIDE      
]
[2021-11-22T19:20:12.658] [INFO] system - call: DataProcess getCodeMsg
[2021-11-22T19:20:12.659] [INFO] system - call: Repository getCodeMsg
[2021-11-22T19:22:08.651] [INFO] system - login: user[非公式 DBDbot#0422]
[2021-11-22T19:22:08.671] [INFO] system - call: Index ready
[2021-11-22T19:22:08.735] [INFO] system - call: TimeProcess getLastTime
[2021-11-22T19:22:08.735] [INFO] system - call: Repository getLastTime
[2021-11-22T19:22:08.737] [INFO] system - call: TimeProcess isTimehasPassend time[2021-11-22 19:20:11:586]
[2021-11-22T19:22:08.737] [INFO] system - call: TimeProcess setLastExeTime
[2021-11-22T19:22:08.738] [INFO] system - call: TimeProcess convertToDate time[Mon Nov 22 2021 19:22:08 GMT+0900 (日本標準時)]
[2021-11-22T19:22:08.738] [INFO] system - call: Repository setLastExeTime time[2021-11-22 19:22:8:738]
[2021-11-22T19:22:08.739] [INFO] system - call: Scraping getCode lastTime[2021-11-18 10:43]
[2021-11-22T19:22:09.314] [INFO] system - call: Scraping getCodeFromWeb url[https://kamigame.jp/dbd/page/116439381060878343.html] lastTime[2021-11-18 10:43]
[2021-11-22T19:22:09.796] [INFO] system - call: TimeProcess setLastUpdTime time[2021-11-18 10:43]
[2021-11-22T19:22:09.797] [INFO] system - call: Repository setLastUpdTime time[2021-11-18 10:43]
[2021-11-22T19:22:09.798] [INFO] system - call: DataProcess convertMsg data[期間,内容,コード,~11/24,15万BP配布,CIPHERSALAD,~12/31,魔除け「最高傑作のアーケード機」,INSERTCOIN,無制限,魔除け「虹色の旗」,PRIDE]
[2021-11-22T19:22:09.798] [INFO] system - call: DataProcess setCodeMsg msg[期間                                        内容                                        コード                                        
~11/24      15万BP配布                                                        CIPHERSALAD      
~12/31      魔除け「最高傑作のアーケード機」            INSERTCOIN      
無制限      魔除け「虹色の旗」                                        PRIDE      
]
[2021-11-22T19:22:09.799] [INFO] system - call: Repository setCodeMsg msg[期間                                        内容                                        コード                                        
~11/24      15万BP配布                                                        CIPHERSALAD      
~12/31      魔除け「最高傑作のアーケード機」            INSERTCOIN      
無制限      魔除け「虹色の旗」                                        PRIDE      
]
[2021-11-22T19:22:21.512] [INFO] system - call: Index message[test]
[2021-11-22T19:23:29.993] [INFO] system - login: user[非公式 DBDbot#0422]
[2021-11-22T19:23:30.013] [INFO] system - call: Index ready
[2021-11-22T19:23:30.014] [INFO] system - call: TimeProcess getLastTime
[2021-11-22T19:23:30.014] [INFO] system - call: Repository getLastTime
[2021-11-22T19:23:30.015] [INFO] system - call: TimeProcess isTimehasPassend time[2021-11-22 19:22:8:738]
[2021-11-22T19:23:30.016] [INFO] system - call: TimeProcess setLastExeTime
[2021-11-22T19:23:30.016] [INFO] system - call: TimeProcess convertToDate time[Mon Nov 22 2021 19:23:30 GMT+0900 (日本標準時)]
[2021-11-22T19:23:30.017] [INFO] system - call: Repository setLastExeTime time[2021-11-22 19:23:30:16]
[2021-11-22T19:23:30.018] [INFO] system - call: Scraping getCode lastTime[2021-11-18 10:43]
[2021-11-22T19:23:30.609] [INFO] system - call: Scraping getCodeFromWeb url[https://kamigame.jp/dbd/page/116439381060878343.html] lastTime[2021-11-18 10:43]
[2021-11-22T19:23:31.126] [INFO] system - call: TimeProcess setLastUpdTime time[2021-11-18 10:43]
[2021-11-22T19:23:31.126] [INFO] system - call: Repository setLastUpdTime time[2021-11-18 10:43]
[2021-11-22T19:23:31.126] [INFO] system - call: DataProcess convertMsg data[期間,内容,コード,~11/24,15万BP配布,CIPHERSALAD,~12/31,魔除け「最高傑作のアーケード機」,INSERTCOIN,無制限,魔除け「虹色の旗」,PRIDE]
[2021-11-22T19:23:31.127] [INFO] system - call: DataProcess setCodeMsg msg[期間                                        内容                                        コード                                        
~11/24      15万BP配布                                                        CIPHERSALAD      
~12/31      魔除け「最高傑作のアーケード機」            INSERTCOIN      
無制限      魔除け「虹色の旗」                                        PRIDE      
]
[2021-11-22T19:23:31.127] [INFO] system - call: Repository setCodeMsg msg[期間                                        内容                                        コード                                        
~11/24      15万BP配布                                                        CIPHERSALAD      
~12/31      魔除け「最高傑作のアーケード機」            INSERTCOIN      
無制限      魔除け「虹色の旗」                                        PRIDE      
]
[2021-11-22T19:23:34.692] [INFO] system - call: Index message[test]
[2021-11-22T19:23:34.693] [INFO] system - call: DataProcess getCodeMsg
[2021-11-22T19:23:34.693] [INFO] system - call: Repository getCodeMsg
[2021-11-22T19:26:47.993] [INFO] system - login: user[非公式 DBDbot#0422]
[2021-11-22T19:26:48.013] [INFO] system - call: Index ready
[2021-11-22T19:26:48.014] [INFO] system - call: TimeProcess getLastTime
[2021-11-22T19:26:48.014] [INFO] system - call: Repository getLastTime
[2021-11-22T19:26:48.016] [INFO] system - call: TimeProcess isTimehasPassend time[2021-11-22 19:23:30:16]
[2021-11-22T19:26:48.016] [INFO] system - call: TimeProcess setLastExeTime
[2021-11-22T19:26:48.016] [INFO] system - call: TimeProcess convertToDate time[Mon Nov 22 2021 19:26:48 GMT+0900 (日本標準時)]
[2021-11-22T19:26:48.017] [INFO] system - call: Repository setLastExeTime time[2021-11-22 19:26:48:16]
[2021-11-22T19:26:48.018] [INFO] system - call: Scraping getCode lastTime[2021-11-18 10:43]
[2021-11-22T19:26:48.686] [INFO] system - call: Scraping getCodeFromWeb url[https://kamigame.jp/dbd/page/116439381060878343.html] lastTime[2021-11-18 10:43]
[2021-11-22T19:26:49.183] [INFO] system - call: TimeProcess setLastUpdTime time[2021-11-18 10:43]
[2021-11-22T19:26:49.183] [INFO] system - call: Repository setLastUpdTime time[2021-11-18 10:43]
[2021-11-22T19:26:49.183] [INFO] system - call: DataProcess convertMsg data[期間,内容,コード,~11/24,15万BP配布,CIPHERSALAD,~12/31,魔除け「最高傑作のアーケード機」,INSERTCOIN,無制限,魔除け「虹色の旗」,PRIDE]
[2021-11-22T19:26:49.184] [INFO] system - call: DataProcess setCodeMsg msg[期間                                        内容                                        コード                                        
~11/24      15万BP配布                                                        CIPHERSALAD      
~12/31      魔除け「最高傑作のアーケード機」            INSERTCOIN      
無制限      魔除け「虹色の旗」                                        PRIDE      
]
[2021-11-22T19:26:49.185] [INFO] system - call: Repository setCodeMsg msg[期間                                        内容                                        コード                                        
~11/24      15万BP配布                                                        CIPHERSALAD      
~12/31      魔除け「最高傑作のアーケード機」            INSERTCOIN      
無制限      魔除け「虹色の旗」                                        PRIDE      
]
[2021-11-22T19:26:52.034] [INFO] system - call: Index message[test]
[2021-11-22T19:26:52.035] [INFO] system - call: DataProcess getCodeMsg
[2021-11-22T19:26:52.035] [INFO] system - call: Repository getCodeMsg
[2021-11-22T19:28:29.086] [INFO] system - login: user[非公式 DBDbot#0422]
[2021-11-22T19:28:29.106] [INFO] system - call: Index ready
[2021-11-22T19:28:29.107] [INFO] system - call: TimeProcess getLastTime
[2021-11-22T19:28:29.107] [INFO] system - call: Repository getLastTime
[2021-11-22T19:28:29.109] [INFO] system - call: TimeProcess isTimehasPassend time[2021-11-22 19:26:48:16]
[2021-11-22T19:28:29.109] [INFO] system - call: TimeProcess setLastExeTime
[2021-11-22T19:28:29.109] [INFO] system - call: TimeProcess convertToDate time[Mon Nov 22 2021 19:28:29 GMT+0900 (日本標準時)]
[2021-11-22T19:28:29.110] [INFO] system - call: Repository setLastExeTime time[2021-11-22 19:28:29:109]
[2021-11-22T19:28:29.111] [INFO] system - call: Scraping getCode lastTime[2021-11-18 10:43]
[2021-11-22T19:28:29.725] [INFO] system - call: Scraping getCodeFromWeb url[https://kamigame.jp/dbd/page/116439381060878343.html] lastTime[2021-11-18 10:43]
[2021-11-22T19:28:30.252] [INFO] system - call: TimeProcess setLastUpdTime time[2021-11-18 10:43]
[2021-11-22T19:28:30.253] [INFO] system - call: Repository setLastUpdTime time[2021-11-18 10:43]
[2021-11-22T19:28:30.253] [INFO] system - call: DataProcess convertMsg data[期間,内容,コード,~11/24,15万BP配布,CIPHERSALAD,~12/31,魔除け「最高傑作のアーケード機」,INSERTCOIN,無制限,魔除け「虹色の旗」,PRIDE]
[2021-11-22T19:28:30.254] [INFO] system - call: DataProcess setCodeMsg msg[期間                                        内容                                        コード                                        
~11/24      15万BP配布                                                        CIPHERSALAD      
~12/31      魔除け「最高傑作のアーケード機」            INSERTCOIN      
無制限      魔除け「虹色の旗」                                        PRIDE      
]
[2021-11-22T19:28:30.254] [INFO] system - call: Repository setCodeMsg msg[期間                                        内容                                        コード                                        
~11/24      15万BP配布                                                        CIPHERSALAD      
~12/31      魔除け「最高傑作のアーケード機」            INSERTCOIN      
無制限      魔除け「虹色の旗」                                        PRIDE      
]
[2021-11-22T19:28:33.490] [INFO] system - call: Index message[test]
[2021-11-22T19:28:33.490] [INFO] system - call: DataProcess getCodeMsg
[2021-11-22T19:28:33.490] [INFO] system - call: Repository getCodeMsg
[2021-11-22T19:29:40.154] [INFO] system - login: user[非公式 DBDbot#0422]
[2021-11-22T19:29:40.176] [INFO] system - call: Index ready
[2021-11-22T19:29:40.177] [INFO] system - call: TimeProcess getLastTime
[2021-11-22T19:29:40.177] [INFO] system - call: Repository getLastTime
[2021-11-22T19:29:40.179] [INFO] system - call: TimeProcess isTimehasPassend time[2021-11-22 19:28:29:109]
[2021-11-22T19:29:40.180] [INFO] system - call: TimeProcess setLastExeTime
[2021-11-22T19:29:40.180] [INFO] system - call: TimeProcess convertToDate time[Mon Nov 22 2021 19:29:40 GMT+0900 (日本標準時)]
[2021-11-22T19:29:40.180] [INFO] system - call: Repository setLastExeTime time[2021-11-22 19:29:40:180]
[2021-11-22T19:29:40.181] [INFO] system - call: Scraping getCode lastTime[2021-11-18 10:43]
[2021-11-22T19:29:40.762] [INFO] system - call: Scraping getCodeFromWeb url[https://kamigame.jp/dbd/page/116439381060878343.html] lastTime[2021-11-18 10:43]
[2021-11-22T19:29:41.256] [INFO] system - call: TimeProcess setLastUpdTime time[2021-11-18 10:43]
[2021-11-22T19:29:41.256] [INFO] system - call: Repository setLastUpdTime time[2021-11-18 10:43]
[2021-11-22T19:29:41.256] [INFO] system - call: DataProcess convertMsg data[期間,内容,コード,~11/24,15万BP配布,CIPHERSALAD,~12/31,魔除け「最高傑作のアーケード機」,INSERTCOIN,無制限,魔除け「虹色の旗」,PRIDE]
[2021-11-22T19:29:41.257] [INFO] system - call: DataProcess setCodeMsg msg[期間                                        内容                                        コード                                        
~11/24      15万BP配布                                                        CIPHERSALAD      
~12/31      魔除け「最高傑作のアーケード機」            INSERTCOIN      
無制限      魔除け「虹色の旗」                                        PRIDE      
]
[2021-11-22T19:29:41.258] [INFO] system - call: Repository setCodeMsg msg[期間                                        内容                                        コード                                        
~11/24      15万BP配布                                                        CIPHERSALAD      
~12/31      魔除け「最高傑作のアーケード機」            INSERTCOIN      
無制限      魔除け「虹色の旗」                                        PRIDE      
]
[2021-11-22T19:29:44.058] [INFO] system - call: Index message[test]
[2021-11-22T19:29:44.058] [INFO] system - call: DataProcess getCodeMsg
[2021-11-22T19:29:44.059] [INFO] system - call: Repository getCodeMsg
[2021-11-22T19:29:44.330] [INFO] system - call: Index message[期間                                        内容                                        コード                                        
~11/24      15万BP配布                                                        CIPHERSALAD      
~12/31      魔除け「最高傑作のアーケード機」            INSERTCOIN      
無制限      魔除け「虹色の旗」                                        PRIDE]
[2021-11-22T19:37:53.113] [INFO] system - login: user[非公式 DBDbot#0422]
[2021-11-22T19:37:53.133] [INFO] system - call: Index ready
[2021-11-22T19:37:53.133] [INFO] system - call: TimeProcess getLastTime
[2021-11-22T19:37:53.134] [INFO] system - call: Repository getLastTime
[2021-11-22T19:37:53.135] [INFO] system - call: TimeProcess isTimehasPassend time[2021-11-22 19:29:40:180]
[2021-11-22T19:37:53.135] [INFO] system - call: TimeProcess setLastExeTime
[2021-11-22T19:37:53.136] [INFO] system - call: TimeProcess convertToDate time[Mon Nov 22 2021 19:37:53 GMT+0900 (日本標準時)]
[2021-11-22T19:37:53.136] [INFO] system - call: Repository setLastExeTime time[2021-11-22 19:37:53:136]
[2021-11-22T19:37:53.137] [INFO] system - call: Scraping getCode lastTime[2021-11-18 10:43]
[2021-11-22T19:37:53.799] [INFO] system - call: Scraping getCodeFromWeb url[https://kamigame.jp/dbd/page/116439381060878343.html] lastTime[2021-11-18 10:43]
[2021-11-22T19:37:56.578] [INFO] system - call: TimeProcess setLastUpdTime time[2021-11-18 10:43]
[2021-11-22T19:37:56.579] [INFO] system - call: Repository setLastUpdTime time[2021-11-18 10:43]
[2021-11-22T19:37:56.579] [INFO] system - call: DataProcess convertMsg data[期間,内容,コード,~11/24,15万BP配布,CIPHERSALAD,~12/31,魔除け「最高傑作のアーケード機」,INSERTCOIN,無制限,魔除け「虹色の旗」,PRIDE]
[2021-11-22T19:37:56.580] [INFO] system - call: DataProcess setCodeMsg msg[期間                                        内容                                        コード                                        
~11/24      15万BP配布                                                        CIPHERSALAD      
~12/31      魔除け「最高傑作のアーケード機」            INSERTCOIN      
無制限      魔除け「虹色の旗」                                        PRIDE      
]
[2021-11-22T19:37:56.580] [INFO] system - call: Repository setCodeMsg msg[期間                                        内容                                        コード                                        
~11/24      15万BP配布                                                        CIPHERSALAD      
~12/31      魔除け「最高傑作のアーケード機」            INSERTCOIN      
無制限      魔除け「虹色の旗」                                        PRIDE      
]
[2021-11-22T19:38:13.072] [INFO] system - call: Index guildCreate[aaa]
[2021-11-22T19:38:13.073] [INFO] system - call: DataProcess getCodeMsg
[2021-11-22T19:38:13.073] [INFO] system - call: Repository getCodeMsg
[2021-11-22T19:38:13.091] [INFO] system - call: Index message[]
[2021-11-22T19:42:37.965] [INFO] system - login: user[非公式 DBDbot#0422]
[2021-11-22T19:42:37.985] [INFO] system - call: Index ready
[2021-11-22T19:42:37.986] [INFO] system - call: TimeProcess getLastTime
[2021-11-22T19:42:37.987] [INFO] system - call: Repository getLastTime
[2021-11-22T19:42:37.988] [INFO] system - call: TimeProcess isTimehasPassend time[2021-11-22 19:37:53:136]
[2021-11-22T19:42:37.989] [INFO] system - call: TimeProcess setLastExeTime
[2021-11-22T19:42:37.989] [INFO] system - call: TimeProcess convertToDate time[Mon Nov 22 2021 19:42:37 GMT+0900 (日本標準時)]
[2021-11-22T19:42:37.990] [INFO] system - call: Repository setLastExeTime time[2021-11-22 19:42:37:989]
[2021-11-22T19:42:37.991] [INFO] system - call: Scraping getCode lastTime[2021-11-18 10:43]
[2021-11-22T19:42:38.660] [INFO] system - call: Scraping getCodeFromWeb url[https://kamigame.jp/dbd/page/116439381060878343.html] lastTime[2021-11-18 10:43]
[2021-11-22T19:42:39.231] [INFO] system - call: TimeProcess setLastUpdTime time[2021-11-18 10:43]
[2021-11-22T19:42:39.232] [INFO] system - call: Repository setLastUpdTime time[2021-11-18 10:43]
[2021-11-22T19:42:39.232] [INFO] system - call: DataProcess convertMsg data[期間,内容,コード,~11/24,15万BP配布,CIPHERSALAD,~12/31,魔除け「最高傑作のアーケード機」,INSERTCOIN,無制限,魔除け「虹色の旗」,PRIDE]
[2021-11-22T19:42:39.233] [INFO] system - call: DataProcess setCodeMsg msg[期間                                        内容                                        コード                                        
~11/24      15万BP配布                                                        CIPHERSALAD      
~12/31      魔除け「最高傑作のアーケード機」            INSERTCOIN      
無制限      魔除け「虹色の旗」                                        PRIDE      
]
[2021-11-22T19:42:39.233] [INFO] system - call: Repository setCodeMsg msg[期間                                        内容                                        コード                                        
~11/24      15万BP配布                                                        CIPHERSALAD      
~12/31      魔除け「最高傑作のアーケード機」            INSERTCOIN      
無制限      魔除け「虹色の旗」                                        PRIDE      
]
[2021-11-22T19:42:43.864] [INFO] system - call: Index message[test]
[2021-11-22T19:42:43.866] [INFO] system - call: DataProcess getCodeMsg
[2021-11-22T19:42:43.866] [INFO] system - call: Repository getCodeMsg
[2021-11-22T19:46:13.561] [INFO] system - login: user[非公式 DBDbot#0422]
[2021-11-22T19:46:13.582] [INFO] system - call: Index ready
[2021-11-22T19:46:13.583] [INFO] system - call: TimeProcess getLastTime
[2021-11-22T19:46:13.584] [INFO] system - call: Repository getLastTime
[2021-11-22T19:46:13.585] [INFO] system - call: TimeProcess isTimehasPassend time[2021-11-22 19:42:37:989]
[2021-11-22T19:46:13.586] [INFO] system - call: TimeProcess setLastExeTime
[2021-11-22T19:46:13.586] [INFO] system - call: TimeProcess convertToDate time[Mon Nov 22 2021 19:46:13 GMT+0900 (日本標準時)]
[2021-11-22T19:46:13.587] [INFO] system - call: Repository setLastExeTime time[2021-11-22 19:46:13:586]
[2021-11-22T19:46:13.588] [INFO] system - call: Scraping getCode lastTime[2021-11-18 10:43]
[2021-11-22T19:46:14.212] [INFO] system - call: Scraping getCodeFromWeb url[https://kamigame.jp/dbd/page/116439381060878343.html] lastTime[2021-11-18 10:43]
[2021-11-22T19:46:14.732] [INFO] system - call: TimeProcess setLastUpdTime time[2021-11-18 10:43]
[2021-11-22T19:46:14.733] [INFO] system - call: Repository setLastUpdTime time[2021-11-18 10:43]
[2021-11-22T19:46:14.733] [INFO] system - call: DataProcess convertMsg data[期間,内容,コード,~11/24,15万BP配布,CIPHERSALAD,~12/31,魔除け「最高傑作のアーケード機」,INSERTCOIN,無制限,魔除け「虹色の旗」,PRIDE]
[2021-11-22T19:46:14.733] [INFO] system - call: DataProcess setCodeMsg msg[期間                                        内容                                        コード                                        
~11/24      15万BP配布                                                        CIPHERSALAD      
~12/31      魔除け「最高傑作のアーケード機」            INSERTCOIN      
無制限      魔除け「虹色の旗」                                        PRIDE      
]
[2021-11-22T19:46:14.734] [INFO] system - call: Repository setCodeMsg msg[期間                                        内容                                        コード                                        
~11/24      15万BP配布                                                        CIPHERSALAD      
~12/31      魔除け「最高傑作のアーケード機」            INSERTCOIN      
無制限      魔除け「虹色の旗」                                        PRIDE      
]
[2021-11-22T19:46:15.857] [INFO] system - call: Index message[test]
[2021-11-22T19:46:15.858] [INFO] system - call: DataProcess getCodeMsg
[2021-11-22T19:46:15.858] [INFO] system - call: Repository getCodeMsg
[2021-11-22T19:47:28.933] [INFO] system - login: user[非公式 DBDbot#0422]
[2021-11-22T19:47:28.954] [INFO] system - call: Index ready
[2021-11-22T19:47:28.955] [INFO] system - call: TimeProcess getLastTime
[2021-11-22T19:47:28.956] [INFO] system - call: Repository getLastTime
[2021-11-22T19:47:28.958] [INFO] system - call: TimeProcess isTimehasPassend time[2021-11-22 19:46:13:586]
[2021-11-22T19:47:28.958] [INFO] system - call: TimeProcess setLastExeTime
[2021-11-22T19:47:28.959] [INFO] system - call: TimeProcess convertToDate time[Mon Nov 22 2021 19:47:28 GMT+0900 (日本標準時)]
[2021-11-22T19:47:28.959] [INFO] system - call: Repository setLastExeTime time[2021-11-22 19:47:28:959]
[2021-11-22T19:47:28.960] [INFO] system - call: Scraping getCode lastTime[2021-11-18 10:43]
[2021-11-22T19:47:29.633] [INFO] system - call: Scraping getCodeFromWeb url[https://kamigame.jp/dbd/page/116439381060878343.html] lastTime[2021-11-18 10:43]
[2021-11-22T19:47:30.155] [INFO] system - call: TimeProcess setLastUpdTime time[2021-11-18 10:43]
[2021-11-22T19:47:30.155] [INFO] system - call: Repository setLastUpdTime time[2021-11-18 10:43]
[2021-11-22T19:47:30.156] [INFO] system - call: DataProcess convertMsg data[期間,内容,コード,~11/24,15万BP配布,CIPHERSALAD,~12/31,魔除け「最高傑作のアーケード機」,INSERTCOIN,無制限,魔除け「虹色の旗」,PRIDE]
[2021-11-22T19:47:30.156] [INFO] system - call: DataProcess setCodeMsg msg[期間                                        内容                                        コード                                        
~11/24      15万BP配布                                                        CIPHERSALAD      
~12/31      魔除け「最高傑作のアーケード機」            INSERTCOIN      
無制限      魔除け「虹色の旗」                                        PRIDE      
]
[2021-11-22T19:47:30.157] [INFO] system - call: Repository setCodeMsg msg[期間                                        内容                                        コード                                        
~11/24      15万BP配布                                                        CIPHERSALAD      
~12/31      魔除け「最高傑作のアーケード機」            INSERTCOIN      
無制限      魔除け「虹色の旗」                                        PRIDE      
]
[2021-11-22T19:47:32.239] [INFO] system - call: Index message[test]
[2021-11-22T19:47:32.239] [INFO] system - call: DataProcess getCodeMsg
[2021-11-22T19:47:32.240] [INFO] system - call: Repository getCodeMsg
[2021-11-22T19:49:16.492] [INFO] system - login: user[非公式 DBDbot#0422]
[2021-11-22T19:49:16.512] [INFO] system - call: Index ready
[2021-11-22T19:49:16.513] [INFO] system - call: TimeProcess getLastTime
[2021-11-22T19:49:16.513] [INFO] system - call: Repository getLastTime
[2021-11-22T19:49:16.514] [INFO] system - call: TimeProcess isTimehasPassend time[2021-11-22 19:47:28:959]
[2021-11-22T19:49:16.515] [INFO] system - call: TimeProcess setLastExeTime
[2021-11-22T19:49:16.515] [INFO] system - call: TimeProcess convertToDate time[Mon Nov 22 2021 19:49:16 GMT+0900 (日本標準時)]
[2021-11-22T19:49:16.516] [INFO] system - call: Repository setLastExeTime time[2021-11-22 19:49:16:515]
[2021-11-22T19:49:16.516] [INFO] system - call: Scraping getCode lastTime[2021-11-18 10:43]
[2021-11-22T19:49:17.165] [INFO] system - call: Scraping getCodeFromWeb url[https://kamigame.jp/dbd/page/116439381060878343.html] lastTime[2021-11-18 10:43]
[2021-11-22T19:49:17.698] [INFO] system - call: TimeProcess setLastUpdTime time[2021-11-18 10:43]
[2021-11-22T19:49:17.698] [INFO] system - call: Repository setLastUpdTime time[2021-11-18 10:43]
[2021-11-22T19:49:17.699] [INFO] system - call: DataProcess convertMsg data[期間,内容,コード,~11/24,15万BP配布,CIPHERSALAD,~12/31,魔除け「最高傑作のアーケード機」,INSERTCOIN,無制限,魔除け「虹色の旗」,PRIDE]
[2021-11-22T19:49:17.699] [INFO] system - call: DataProcess setCodeMsg msg[期間                                        内容                                        コード                                        
~11/24      15万BP配布                                                        CIPHERSALAD      
~12/31      魔除け「最高傑作のアーケード機」            INSERTCOIN      
無制限      魔除け「虹色の旗」                                        PRIDE      
]
[2021-11-22T19:49:17.700] [INFO] system - call: Repository setCodeMsg msg[期間                                        内容                                        コード                                        
~11/24      15万BP配布                                                        CIPHERSALAD      
~12/31      魔除け「最高傑作のアーケード機」            INSERTCOIN      
無制限      魔除け「虹色の旗」                                        PRIDE      
]
[2021-11-22T19:49:18.996] [INFO] system - call: Index message[test]
[2021-11-22T19:49:18.996] [INFO] system - call: DataProcess getCodeMsg
[2021-11-22T19:49:18.997] [INFO] system - call: Repository getCodeMsg
[2021-11-22T19:49:19.305] [INFO] system - call: Index message[期間                                        内容                                        コード                                        
~11/24      15万BP配布                                                        CIPHERSALAD      
~12/31      魔除け「最高傑作のアーケード機」            INSERTCOIN      
無制限      魔除け「虹色の旗」                                        PRIDE]
[2021-11-22T20:04:50.854] [INFO] system - call: Index guildCreate[aaa]
[2021-11-22T20:04:50.855] [INFO] system - call: DataProcess getCodeMsg
[2021-11-22T20:06:41.530] [INFO] system - login: user[非公式 DBDbot#0422]
[2021-11-22T20:06:41.549] [INFO] system - call: Index ready
[2021-11-22T20:06:41.549] [INFO] system - call: TimeProcess getLastTime
[2021-11-22T20:06:41.550] [INFO] system - call: Repository getLastTime
[2021-11-22T20:06:41.551] [INFO] system - call: TimeProcess isTimehasPassend time[2021-11-22 19:49:16:515]
[2021-11-22T20:06:41.552] [INFO] system - call: TimeProcess setLastExeTime
[2021-11-22T20:06:41.553] [INFO] system - call: TimeProcess convertToDate time[Mon Nov 22 2021 20:06:41 GMT+0900 (日本標準時)]
[2021-11-22T20:06:41.553] [INFO] system - call: Repository setLastExeTime time[2021-11-22 20:6:41:553]
[2021-11-22T20:06:41.554] [INFO] system - call: Scraping getCode lastTime[2021-11-18 10:43]
[2021-11-22T20:06:42.187] [INFO] system - call: Scraping getCodeFromWeb url[https://kamigame.jp/dbd/page/116439381060878343.html] lastTime[2021-11-18 10:43]
[2021-11-22T20:06:44.999] [INFO] system - msg: Index 前回の取得情報と同じです
[2021-11-22T20:06:57.568] [INFO] system - call: Index message[!scnt]
[2021-11-22T20:07:40.952] [INFO] system - login: user[非公式 DBDbot#0422]
[2021-11-22T20:07:40.976] [INFO] system - call: Index ready
[2021-11-22T20:07:40.977] [INFO] system - call: TimeProcess getLastTime
[2021-11-22T20:07:40.978] [INFO] system - call: Repository getLastTime
[2021-11-22T20:07:40.979] [INFO] system - call: TimeProcess isTimehasPassend time[2021-11-22 20:6:41:553]
[2021-11-22T20:07:40.979] [INFO] system - msg: Index 時間を空けて実行してください
[2021-11-22T20:07:46.267] [INFO] system - call: Index message[!scnt]
[2021-11-22T20:09:07.931] [INFO] system - login: user[非公式 DBDbot#0422]
[2021-11-22T20:09:07.951] [INFO] system - call: Index ready
[2021-11-22T20:09:07.952] [INFO] system - call: TimeProcess getLastTime
[2021-11-22T20:09:07.953] [INFO] system - call: Repository getLastTime
[2021-11-22T20:09:07.954] [INFO] system - call: TimeProcess isTimehasPassend time[2021-11-22 20:6:41:553]
[2021-11-22T20:09:07.954] [INFO] system - call: TimeProcess setLastExeTime
[2021-11-22T20:09:07.955] [INFO] system - call: TimeProcess convertToDate time[Mon Nov 22 2021 20:09:07 GMT+0900 (日本標準時)]
[2021-11-22T20:09:07.955] [INFO] system - call: Repository setLastExeTime time[2021-11-22 20:9:7:955]
[2021-11-22T20:09:07.956] [INFO] system - call: Scraping getCode lastTime[2021-11-18 10:43]
[2021-11-22T20:09:08.625] [INFO] system - call: Scraping getCodeFromWeb url[https://kamigame.jp/dbd/page/116439381060878343.html] lastTime[2021-11-18 10:43]
[2021-11-22T20:09:09.094] [INFO] system - msg: Index 前回の取得情報と同じです
[2021-11-22T20:09:11.158] [INFO] system - call: Index message[!scnt]
[2021-11-22T20:09:11.421] [INFO] system - call: Index message[現在BOTが参加しているサーバは[3]です]
[2021-11-22T20:22:15.859] [INFO] system - login: user[非公式 DBDbot#0422]
[2021-11-22T20:22:15.878] [INFO] system - call: Index ready
[2021-11-22T20:22:15.879] [INFO] system - call: TimeProcess getLastTime
[2021-11-22T20:22:15.880] [INFO] system - call: Repository getLastTime
[2021-11-22T20:22:15.881] [INFO] system - call: TimeProcess isTimehasPassend time[2021-11-22 20:9:7:955]
[2021-11-22T20:22:15.881] [INFO] system - call: TimeProcess setLastExeTime
[2021-11-22T20:22:15.882] [INFO] system - call: TimeProcess convertToDate time[Mon Nov 22 2021 20:22:15 GMT+0900 (日本標準時)]
[2021-11-22T20:22:15.882] [INFO] system - call: Repository setLastExeTime time[2021-11-22 20:22:15:881]
[2021-11-22T20:22:15.883] [INFO] system - call: Scraping getCode lastTime[2021-11-18 10:43]
[2021-11-22T20:22:16.553] [INFO] system - call: Scraping getCodeFromWeb url[https://kamigame.jp/dbd/page/116439381060878343.html] lastTime[2021-11-18 10:43]
[2021-11-22T20:22:19.406] [INFO] system - msg: Index 前回の取得情報と同じです
[2021-11-22T20:22:32.849] [INFO] system - call: Index guildCreate[aaa]
[2021-11-22T20:22:32.850] [INFO] system - call: DataProcess getCodeMsg
[2021-11-22T20:22:32.850] [INFO] system - call: Repository getCodeMsg
[2021-11-22T20:25:01.780] [INFO] system - login: user[非公式 DBDbot#0422]
[2021-11-22T20:25:01.799] [INFO] system - call: Index ready
[2021-11-22T20:25:01.800] [INFO] system - call: TimeProcess getLastTime
[2021-11-22T20:25:01.800] [INFO] system - call: Repository getLastTime
[2021-11-22T20:25:01.802] [INFO] system - call: TimeProcess isTimehasPassend time[2021-11-22 20:22:15:881]
[2021-11-22T20:25:01.802] [INFO] system - call: TimeProcess setLastExeTime
[2021-11-22T20:25:01.803] [INFO] system - call: TimeProcess convertToDate time[Mon Nov 22 2021 20:25:01 GMT+0900 (日本標準時)]
[2021-11-22T20:25:01.803] [INFO] system - call: Repository setLastExeTime time[2021-11-22 20:25:1:803]
[2021-11-22T20:25:01.806] [INFO] system - call: Scraping getCode lastTime[2021-11-18 10:43]
[2021-11-22T20:25:02.564] [INFO] system - call: Scraping getCodeFromWeb url[https://kamigame.jp/dbd/page/116439381060878343.html] lastTime[2021-11-18 10:43]
[2021-11-22T20:25:03.096] [INFO] system - msg: Index 前回の取得情報と同じです
[2021-11-22T20:25:06.881] [INFO] system - call: Index message[gcid]
[2021-11-22T20:25:26.602] [INFO] system - call: Index message[!gcid]
[2021-11-22T20:26:58.754] [INFO] system - login: user[非公式 DBDbot#0422]
[2021-11-22T20:26:58.773] [INFO] system - call: Index ready
[2021-11-22T20:26:58.774] [INFO] system - call: TimeProcess getLastTime
[2021-11-22T20:26:58.775] [INFO] system - call: Repository getLastTime
[2021-11-22T20:26:58.776] [INFO] system - call: TimeProcess isTimehasPassend time[2021-11-22 20:25:1:803]
[2021-11-22T20:26:58.777] [INFO] system - call: TimeProcess setLastExeTime
[2021-11-22T20:26:58.777] [INFO] system - call: TimeProcess convertToDate time[Mon Nov 22 2021 20:26:58 GMT+0900 (日本標準時)]
[2021-11-22T20:26:58.778] [INFO] system - call: Repository setLastExeTime time[2021-11-22 20:26:58:777]
[2021-11-22T20:26:58.779] [INFO] system - call: Scraping getCode lastTime[2021-11-18 10:43]
[2021-11-22T20:26:59.486] [INFO] system - call: Scraping getCodeFromWeb url[https://kamigame.jp/dbd/page/116439381060878343.html] lastTime[2021-11-18 10:43]
[2021-11-22T20:27:00.012] [INFO] system - msg: Index 前回の取得情報と同じです
[2021-11-22T20:27:38.610] [INFO] system - login: user[非公式 DBDbot#0422]
[2021-11-22T20:27:38.629] [INFO] system - call: Index ready
[2021-11-22T20:27:38.630] [INFO] system - call: TimeProcess getLastTime
[2021-11-22T20:27:38.631] [INFO] system - call: Repository getLastTime
[2021-11-22T20:27:38.632] [INFO] system - call: TimeProcess isTimehasPassend time[2021-11-22 20:26:58:777]
[2021-11-22T20:27:38.633] [INFO] system - msg: Index 時間を空けて実行してください
[2021-11-22T20:27:42.850] [INFO] system - call: Index message[!gcid]
[2021-11-22T20:28:34.486] [INFO] system - login: user[非公式 DBDbot#0422]
[2021-11-22T20:28:34.504] [INFO] system - call: Index ready
[2021-11-22T20:28:34.506] [INFO] system - call: TimeProcess getLastTime
[2021-11-22T20:28:34.506] [INFO] system - call: Repository getLastTime
[2021-11-22T20:28:34.507] [INFO] system - call: TimeProcess isTimehasPassend time[2021-11-22 20:26:58:777]
[2021-11-22T20:28:34.508] [INFO] system - call: TimeProcess setLastExeTime
[2021-11-22T20:28:34.508] [INFO] system - call: TimeProcess convertToDate time[Mon Nov 22 2021 20:28:34 GMT+0900 (日本標準時)]
[2021-11-22T20:28:34.508] [INFO] system - call: Repository setLastExeTime time[2021-11-22 20:28:34:508]
[2021-11-22T20:28:34.509] [INFO] system - call: Scraping getCode lastTime[2021-11-18 10:43]
[2021-11-22T20:28:35.090] [INFO] system - call: Scraping getCodeFromWeb url[https://kamigame.jp/dbd/page/116439381060878343.html] lastTime[2021-11-18 10:43]
[2021-11-22T20:28:35.597] [INFO] system - call: TimeProcess setLastUpdTime time[2021-11-18 10:43]
[2021-11-22T20:28:35.598] [INFO] system - call: Repository setLastUpdTime time[2021-11-18 10:43]
[2021-11-22T20:28:35.598] [INFO] system - call: DataProcess convertMsg data[期間,内容,コード,~11/24,15万BP配布,CIPHERSALAD,~12/31,魔除け「最高傑作のアーケード機」,INSERTCOIN,無制限,魔除け「虹色の旗」,PRIDE]
[2021-11-22T20:28:35.599] [INFO] system - call: DataProcess setCodeMsg msg[期間                                        内容                                        コード                                        
~11/24      15万BP配布                                                        CIPHERSALAD      
~12/31      魔除け「最高傑作のアーケード機」            INSERTCOIN      
無制限      魔除け「虹色の旗」                                        PRIDE      
]
[2021-11-22T20:28:35.599] [INFO] system - call: Repository setCodeMsg msg[期間                                        内容                                        コード                                        
~11/24      15万BP配布                                                        CIPHERSALAD      
~12/31      魔除け「最高傑作のアーケード機」            INSERTCOIN      
無制限      魔除け「虹色の旗」                                        PRIDE      
]
[2021-11-22T20:30:07.467] [INFO] system - call: Index message[!gcid]
[2021-11-22T20:33:43.942] [INFO] system - login: user[非公式 DBDbot#0422]
[2021-11-22T20:33:43.962] [INFO] system - call: Index ready
[2021-11-22T20:33:43.963] [INFO] system - call: TimeProcess getLastTime
[2021-11-22T20:33:43.963] [INFO] system - call: Repository getLastTime
[2021-11-22T20:33:43.964] [INFO] system - call: TimeProcess isTimehasPassend time[2021-11-22 20:28:34:508]
[2021-11-22T20:33:43.965] [INFO] system - call: TimeProcess setLastExeTime
[2021-11-22T20:33:43.965] [INFO] system - call: TimeProcess convertToDate time[Mon Nov 22 2021 20:33:43 GMT+0900 (日本標準時)]
[2021-11-22T20:33:43.965] [INFO] system - call: Repository setLastExeTime time[2021-11-22 20:33:43:965]
[2021-11-22T20:33:43.966] [INFO] system - call: Scraping getCode lastTime[2021-11-18 10:43]
[2021-11-22T20:33:44.585] [INFO] system - call: Scraping getCodeFromWeb url[https://kamigame.jp/dbd/page/116439381060878343.html] lastTime[2021-11-18 10:43]
[2021-11-22T20:33:45.095] [INFO] system - call: TimeProcess setLastUpdTime time[2021-11-18 10:43]
[2021-11-22T20:33:45.096] [INFO] system - call: Repository setLastUpdTime time[2021-11-18 10:43]
[2021-11-22T20:33:45.096] [INFO] system - call: DataProcess convertMsg data[期間,内容,コード,~11/24,15万BP配布,CIPHERSALAD,~12/31,魔除け「最高傑作のアーケード機」,INSERTCOIN,無制限,魔除け「虹色の旗」,PRIDE]
[2021-11-22T20:33:45.098] [INFO] system - call: DataProcess setCodeMsg msg[期間                                        内容                                        コード                                        
~11/24      15万BP配布                                                        CIPHERSALAD      
~12/31      魔除け「最高傑作のアーケード機」            INSERTCOIN      
無制限      魔除け「虹色の旗」                                        PRIDE      
]
[2021-11-22T20:33:45.099] [INFO] system - call: Repository setCodeMsg msg[期間                                        内容                                        コード                                        
~11/24      15万BP配布                                                        CIPHERSALAD      
~12/31      魔除け「最高傑作のアーケード機」            INSERTCOIN      
無制限      魔除け「虹色の旗」                                        PRIDE      
]
[2021-11-22T20:34:54.417] [INFO] system - login: user[非公式 DBDbot#0422]
[2021-11-22T20:34:54.436] [INFO] system - call: Index ready
[2021-11-22T20:34:54.437] [INFO] system - call: TimeProcess getLastTime
[2021-11-22T20:34:54.438] [INFO] system - call: Repository getLastTime
[2021-11-22T20:34:54.439] [INFO] system - call: TimeProcess isTimehasPassend time[2021-11-22 20:33:43:965]
[2021-11-22T20:34:54.439] [INFO] system - call: TimeProcess setLastExeTime
[2021-11-22T20:34:54.440] [INFO] system - call: TimeProcess convertToDate time[Mon Nov 22 2021 20:34:54 GMT+0900 (日本標準時)]
[2021-11-22T20:34:54.440] [INFO] system - call: Repository setLastExeTime time[2021-11-22 20:34:54:440]
[2021-11-22T20:34:54.441] [INFO] system - call: Scraping getCode lastTime[2021-11-18 10:43]
[2021-11-22T20:34:55.086] [INFO] system - call: Scraping getCodeFromWeb url[https://kamigame.jp/dbd/page/116439381060878343.html] lastTime[2021-11-18 10:43]
[2021-11-22T20:34:55.617] [INFO] system - call: TimeProcess setLastUpdTime time[2021-11-18 10:43]
[2021-11-22T20:34:55.618] [INFO] system - call: Repository setLastUpdTime time[2021-11-18 10:43]
[2021-11-22T20:34:55.619] [INFO] system - call: DataProcess convertMsg data[期間,内容,コード,~11/24,15万BP配布,CIPHERSALAD,~12/31,魔除け「最高傑作のアーケード機」,INSERTCOIN,無制限,魔除け「虹色の旗」,PRIDE]
[2021-11-22T20:34:55.619] [INFO] system - call: DataProcess setCodeMsg msg[期間                                        内容                                        コード                                        
~11/24      15万BP配布                                                        CIPHERSALAD      
~12/31      魔除け「最高傑作のアーケード機」            INSERTCOIN      
無制限      魔除け「虹色の旗」                                        PRIDE      
]
[2021-11-22T20:34:55.620] [INFO] system - call: Repository setCodeMsg msg[期間                                        内容                                        コード                                        
~11/24      15万BP配布                                                        CIPHERSALAD      
~12/31      魔除け「最高傑作のアーケード機」            INSERTCOIN      
無制限      魔除け「虹色の旗」                                        PRIDE      
]
[2021-11-22T20:36:56.877] [INFO] system - login: user[非公式 DBDbot#0422]
[2021-11-22T20:36:56.896] [INFO] system - call: Index ready
[2021-11-22T20:36:56.897] [INFO] system - call: TimeProcess getLastTime
[2021-11-22T20:36:56.897] [INFO] system - call: Repository getLastTime
[2021-11-22T20:36:56.899] [INFO] system - call: TimeProcess isTimehasPassend time[2021-11-22 20:34:54:440]
[2021-11-22T20:36:56.900] [INFO] system - call: TimeProcess setLastExeTime
[2021-11-22T20:36:56.900] [INFO] system - call: TimeProcess convertToDate time[Mon Nov 22 2021 20:36:56 GMT+0900 (日本標準時)]
[2021-11-22T20:36:56.900] [INFO] system - call: Repository setLastExeTime time[2021-11-22 20:36:56:900]
[2021-11-22T20:36:56.902] [INFO] system - call: Scraping getCode lastTime[2021-11-18 10:43]
[2021-11-22T20:36:57.609] [INFO] system - call: Scraping getCodeFromWeb url[https://kamigame.jp/dbd/page/116439381060878343.html] lastTime[2021-11-18 10:43]
[2021-11-22T20:36:58.346] [INFO] system - call: TimeProcess setLastUpdTime time[2021-11-18 10:43]
[2021-11-22T20:36:58.346] [INFO] system - call: Repository setLastUpdTime time[2021-11-18 10:43]
[2021-11-22T20:36:58.347] [INFO] system - call: DataProcess convertMsg data[期間,内容,コード,~11/24,15万BP配布,CIPHERSALAD,~12/31,魔除け「最高傑作のアーケード機」,INSERTCOIN,無制限,魔除け「虹色の旗」,PRIDE]
[2021-11-22T20:36:58.347] [INFO] system - call: DataProcess setCodeMsg msg[期間                                        内容                                        コード                                        
~11/24      15万BP配布                                                        CIPHERSALAD      
~12/31      魔除け「最高傑作のアーケード機」            INSERTCOIN      
無制限      魔除け「虹色の旗」                                        PRIDE      
]
[2021-11-22T20:36:58.348] [INFO] system - call: Repository setCodeMsg msg[期間                                        内容                                        コード                                        
~11/24      15万BP配布                                                        CIPHERSALAD      
~12/31      魔除け「最高傑作のアーケード機」            INSERTCOIN      
無制限      魔除け「虹色の旗」                                        PRIDE      
]
[2021-11-22T20:37:20.845] [INFO] system - call: Index message[test]
[2021-11-22T20:37:20.845] [INFO] system - call: DataProcess getCodeMsg
[2021-11-22T20:37:20.845] [INFO] system - call: Repository getCodeMsg
[2021-11-22T20:38:45.382] [INFO] system - login: user[非公式 DBDbot#0422]
[2021-11-22T20:38:45.402] [INFO] system - call: Index ready
[2021-11-22T20:38:45.402] [INFO] system - call: TimeProcess getLastTime
[2021-11-22T20:38:45.403] [INFO] system - call: Repository getLastTime
[2021-11-22T20:38:45.405] [INFO] system - call: TimeProcess isTimehasPassend time[2021-11-22 20:36:56:900]
[2021-11-22T20:38:45.405] [INFO] system - call: TimeProcess setLastExeTime
[2021-11-22T20:38:45.406] [INFO] system - call: TimeProcess convertToDate time[Mon Nov 22 2021 20:38:45 GMT+0900 (日本標準時)]
[2021-11-22T20:38:45.406] [INFO] system - call: Repository setLastExeTime time[2021-11-22 20:38:45:405]
[2021-11-22T20:38:45.407] [INFO] system - call: Scraping getCode lastTime[2021-11-18 10:43]
[2021-11-22T20:38:46.167] [INFO] system - call: Scraping getCodeFromWeb url[https://kamigame.jp/dbd/page/116439381060878343.html] lastTime[2021-11-18 10:43]
[2021-11-22T20:38:46.671] [INFO] system - call: TimeProcess setLastUpdTime time[2021-11-18 10:43]
[2021-11-22T20:38:46.672] [INFO] system - call: Repository setLastUpdTime time[2021-11-18 10:43]
[2021-11-22T20:38:46.672] [INFO] system - call: DataProcess convertMsg data[期間,内容,コード,~11/24,15万BP配布,CIPHERSALAD,~12/31,魔除け「最高傑作のアーケード機」,INSERTCOIN,無制限,魔除け「虹色の旗」,PRIDE]
[2021-11-22T20:38:46.673] [INFO] system - call: DataProcess setCodeMsg msg[期間                                        内容                                        コード                                        
~11/24      15万BP配布                                                        CIPHERSALAD      
~12/31      魔除け「最高傑作のアーケード機」            INSERTCOIN      
無制限      魔除け「虹色の旗」                                        PRIDE      
]
[2021-11-22T20:38:46.674] [INFO] system - call: Repository setCodeMsg msg[期間                                        内容                                        コード                                        
~11/24      15万BP配布                                                        CIPHERSALAD      
~12/31      魔除け「最高傑作のアーケード機」            INSERTCOIN      
無制限      魔除け「虹色の旗」                                        PRIDE      
]
[2021-11-22T20:39:14.582] [INFO] system - login: user[非公式 DBDbot#0422]
[2021-11-22T20:39:14.605] [INFO] system - call: Index ready
[2021-11-22T20:39:14.606] [INFO] system - call: TimeProcess getLastTime
[2021-11-22T20:39:14.606] [INFO] system - call: Repository getLastTime
[2021-11-22T20:39:14.607] [INFO] system - call: TimeProcess isTimehasPassend time[2021-11-22 20:38:45:405]
[2021-11-22T20:39:14.608] [INFO] system - msg: Index 時間を空けて実行してください
[2021-11-22T20:39:32.807] [INFO] system - call: Index guildCreate[aaa]
[2021-11-22T20:39:32.807] [INFO] system - call: DataProcess getCodeMsg
[2021-11-22T20:39:32.808] [INFO] system - call: Repository getCodeMsg
[2021-11-22T20:47:29.298] [INFO] system - login: user[非公式 DBDbot#0422]
[2021-11-22T20:47:29.317] [INFO] system - call: Index ready
[2021-11-22T20:47:29.318] [INFO] system - call: TimeProcess getLastTime
[2021-11-22T20:47:29.318] [INFO] system - call: Repository getLastTime
[2021-11-22T20:47:29.320] [INFO] system - call: TimeProcess isTimehasPassend time[2021-11-22 20:38:45:405]
[2021-11-22T20:47:29.320] [INFO] system - call: TimeProcess setLastExeTime
[2021-11-22T20:47:29.321] [INFO] system - call: TimeProcess convertToDate time[Mon Nov 22 2021 20:47:29 GMT+0900 (日本標準時)]
[2021-11-22T20:47:29.321] [INFO] system - call: Repository setLastExeTime time[2021-11-22 20:47:29:320]
[2021-11-22T20:47:29.322] [INFO] system - call: Scraping getCode lastTime[2021-11-18 10:43]
[2021-11-22T20:47:29.992] [INFO] system - call: Scraping getCodeFromWeb url[https://kamigame.jp/dbd/page/116439381060878343.html] lastTime[2021-11-18 10:43]
[2021-11-22T20:47:32.813] [INFO] system - call: TimeProcess setLastUpdTime time[2021-11-18 10:43]
[2021-11-22T20:47:32.814] [INFO] system - call: Repository setLastUpdTime time[2021-11-18 10:43]
[2021-11-22T20:47:32.814] [INFO] system - call: DataProcess convertMsg data[期間,内容,コード,~11/24,15万BP配布,CIPHERSALAD,~12/31,魔除け「最高傑作のアーケード機」,INSERTCOIN,無制限,魔除け「虹色の旗」,PRIDE]
[2021-11-22T20:47:32.814] [INFO] system - call: DataProcess setCodeMsg msg[期間                                        内容                                        コード                                        
~11/24      15万BP配布                                                        CIPHERSALAD      
~12/31      魔除け「最高傑作のアーケード機」            INSERTCOIN      
無制限      魔除け「虹色の旗」                                        PRIDE      
]
[2021-11-22T20:47:32.815] [INFO] system - call: Repository setCodeMsg msg[期間                                        内容                                        コード                                        
~11/24      15万BP配布                                                        CIPHERSALAD      
~12/31      魔除け「最高傑作のアーケード機」            INSERTCOIN      
無制限      魔除け「虹色の旗」                                        PRIDE      
]
[2021-11-22T20:48:24.761] [INFO] system - call: Index guildCreate[undefined]
[2021-11-22T20:48:24.761] [INFO] system - call: DataProcess getCodeMsg
[2021-11-22T20:48:24.761] [INFO] system - call: Repository getCodeMsg
[2021-11-22T20:50:03.680] [INFO] system - call: Index guildCreate[undefined]
[2021-11-22T20:50:03.680] [INFO] system - call: DataProcess getCodeMsg
[2021-11-22T20:50:03.680] [INFO] system - call: Repository getCodeMsg
